Reading netlist file: "C:\cygwin64\Proj\HM65256BLSP\HM65256BLSP\impl\gwsynthesis\HM65256BLSP.vg"
Parsing netlist file "C:\cygwin64\Proj\HM65256BLSP\HM65256BLSP\impl\gwsynthesis\HM65256BLSP.vg" completed
Processing netlist completed
Running placement......
[10%] Placement Phase 0 completed
[20%] Placement Phase 1 completed
[30%] Placement Phase 2 completed
[50%] Placement Phase 3 completed
Running routing......
[60%] Routing Phase 0 completed
[70%] Routing Phase 1 completed
[80%] Routing Phase 2 completed
[90%] Routing Phase 3 completed
Running timing analysis......
[95%] Timing analysis completed
Placement and routing completed
Bitstream generation in progress......
Bitstream generation completed
Running power analysis......
[100%] Power analysis completed
Generate file "C:\cygwin64\Proj\HM65256BLSP\HM65256BLSP\impl\pnr\HM65256BLSP.power.html" completed
Generate file "C:\cygwin64\Proj\HM65256BLSP\HM65256BLSP\impl\pnr\HM65256BLSP.pin.html" completed
Generate file "C:\cygwin64\Proj\HM65256BLSP\HM65256BLSP\impl\pnr\HM65256BLSP.rpt.html" completed
Generate file "C:\cygwin64\Proj\HM65256BLSP\HM65256BLSP\impl\pnr\HM65256BLSP.rpt.txt" completed
Generate file "C:\cygwin64\Proj\HM65256BLSP\HM65256BLSP\impl\pnr\HM65256BLSP.tr.html" completed
Mon Aug 08 12:14:42 2022

